<?xml version="1.0" encoding="UTF-8"?>
<!-- Generated by org.testng.reporters.JUnitXMLReporter -->
<testsuite hostname="DESKTOP-5CJ3U00" ignored="0" name="Default test" tests="3" failures="0" timestamp="2019-10-12T12:32:37 IST" time="55.992" errors="0">
  <testcase name="formfilling" time="0.718" classname="TestNGTutorial.FirstTestNG"/>
  <testcase name="HandleAlerts" time="24.491" classname="TestNGTutorial.FirstTestNG"/>
  <testcase name="thirdtestcase" time="0.003" classname="TestNGTutorial.FirstTestNG"/>
</testsuite> <!-- Default test -->
